{
  "transformation/ifelsewhile/if_else_with_braces.c":{
    "inclusions":[],
    "valid":true,
    "stdErr":"",
    "stdOut":""
  },
  "transformation/enum/enum_typedef.c":{
    "inclusions":[],
    "valid":true,
    "stdErr":"",
    "stdOut":""
  },
  "unit/struct_nested.c":{
    "inclusions":[],
    "valid":true,
    "stdErr":"",
    "stdOut":""
  },
  "typechecker/declarators/PASS_valid_typedef.c":{
    "inclusions":[],
    "valid":true,
    "stdErr":"",
    "stdOut":""
  },
  "typechecker/compound/function_function2.c":{
    "inclusions":[],
    "valid":true,
    "stdErr":"",
    "stdOut":""
  },
  "typechecker/configurable/PASS_basic_decl.c":{
    "inclusions":[],
    "valid":true,
    "stdErr":"",
    "stdOut":""
  },
  "typechecker/compound/struct_struct2.c":{
    "inclusions":[],
    "valid":true,
    "stdErr":"",
    "stdOut":""
  },
  "unit/struct_ref_local_var.c":{
    "inclusions":[],
    "valid":true,
    "stdErr":"",
    "stdOut":""
  },
  "typechecker/functions/PASS_configParam.c":{
    "inclusions":[],
    "valid":true,
    "stdErr":"",
    "stdOut":""
  },
  "transformation/constructs/global_function_static.c":{
    "inclusions":[],
    "valid":true,
    "stdErr":"",
    "stdOut":""
  },
  "typechecker/examples/PASS_global_redef_valid.c":{
    "inclusions":[],
    "valid":true,
    "stdErr":"",
    "stdOut":""
  },
  "transformation/misc/twovariables.c":{
    "inclusions":[],
    "valid":true,
    "stdErr":"",
    "stdOut":""
  },
  "typechecker/functions/PASS_valid_type_function.c":{
    "inclusions":[],
    "valid":true,
    "stdErr":"",
    "stdOut":""
  },
  "transformation/pointer_deref1.c":{
    "inclusions":[],
    "valid":true,
    "stdErr":"",
    "stdOut":""
  },
  "typechecker/configurable/declList.c":{
    "inclusions":[],
    "valid":true,
    "stdErr":"",
    "stdOut":""
  },
  "transformation/phasar/secure_memory/memory1_resugared.c":{
    "inclusions":[
      "stdio.h",
      "stdlib.h",
      "openssl/crypto.h"
    ],
    "valid":true,
    "stdErr":"",
    "stdOut":""
  },
  "transformation/misc/test.c":{
    "inclusions":[],
    "valid":true,
    "stdErr":"",
    "stdOut":""
  },
  "transformation/phasar/secure_memory/memory1_resugared_decls_added.c":{
    "inclusions":[],
    "valid":true,
    "stdErr":"",
    "stdOut":""
  },
  "transformation/ifelsewhile/do_while.c":{
    "inclusions":[],
    "valid":true,
    "stdErr":"",
    "stdOut":""
  },
  "transformation/enum/enum.c":{
    "inclusions":[],
    "valid":true,
    "stdErr":"",
    "stdOut":""
  },
  "unit/typedef.c":{
    "inclusions":[],
    "valid":true,
    "stdErr":"",
    "stdOut":""
  },
  "transformation/ifelsewhile/while_no_braces.c":{
    "inclusions":[],
    "valid":true,
    "stdErr":"",
    "stdOut":""
  },
  "transformation/expressions/prefix.c":{
    "inclusions":[],
    "valid":true,
    "stdErr":"",
    "stdOut":""
  },
  "typechecker/examples/PASS_partial_redeclaration1.c":{
    "inclusions":[],
    "valid":true,
    "stdErr":"",
    "stdOut":""
  },
  "transformation/functions/main.c":{
    "inclusions":[],
    "valid":true,
    "stdErr":"",
    "stdOut":""
  },
  "typechecker/examples/PASS_valid_duplicate_qualifiers.c":{
    "inclusions":[],
    "valid":true,
    "stdErr":"",
    "stdOut":""
  },
  "unit/typedef_local_declaration.c":{
    "inclusions":[],
    "valid":true,
    "stdErr":"",
    "stdOut":""
  },
  "transformation/enum/config_enum_field.c":{
    "inclusions":[],
    "valid":false,
    "stdErr":"transformation/enum/config_enum_field.c: In function \u2018main\u2019:\ntransformation/enum/config_enum_field.c:9:15: error: storage size of \u2018apple\u2019 isn\u2019t known\n   enum letter apple;\n               ^~~~~\ntransformation/enum/config_enum_field.c:10:11: error: \u2018a\u2019 undeclared (first use in this function)\n   apple = a;\n           ^\ntransformation/enum/config_enum_field.c:10:11: note: each undeclared identifier is reported only once for each function it appears in\n",
    "stdOut":""
  },
  "transformation/declaringlists/config_some_init.c":{
    "inclusions":[],
    "valid":true,
    "stdErr":"",
    "stdOut":""
  },
  "typechecker/configurable/PASS_basic_typedef.c":{
    "inclusions":[],
    "valid":true,
    "stdErr":"",
    "stdOut":""
  },
  "transformation/constructs/types_global_function_multiply-defined_pointer.autodesugar.c":{
    "inclusions":[
      "stdbool.h"
    ],
    "valid":false,
    "stdErr":"transformation/constructs/types_global_function_multiply-defined_pointer.autodesugar.c:2:10: fatal error: desugared_macros.h: No such file or directory\n #include \"desugared_macros.h\" // configuration macros converted to C variables\n          ^~~~~~~~~~~~~~~~~~~~\ncompilation terminated.\n",
    "stdOut":""
  },
  "unit/enum_libbb.c":{
    "inclusions":[],
    "valid":true,
    "stdErr":"",
    "stdOut":""
  },
  "transformation/typedef_struct/typedef_struct.c":{
    "inclusions":[],
    "valid":true,
    "stdErr":"",
    "stdOut":""
  },
  "transformation/ifelsewhile/if_with_braces.c":{
    "inclusions":[],
    "valid":true,
    "stdErr":"",
    "stdOut":""
  },
  "typechecker/examples/PASS_global_redef_invalid.c":{
    "inclusions":[],
    "valid":true,
    "stdErr":"",
    "stdOut":""
  },
  "linking/same_type/static_extern.c":{
    "inclusions":[],
    "valid":true,
    "stdErr":"",
    "stdOut":""
  },
  "unit/struct_configurable_main.c":{
    "inclusions":[],
    "valid":true,
    "stdErr":"",
    "stdOut":""
  },
  "typechecker/compound/struct_function1.c":{
    "inclusions":[],
    "valid":"unrun configurations",
    "stdErr":"typechecker/compound/struct_function1.c: In function \u2018main\u2019:\ntypechecker/compound/struct_function1.c:10:4: error: request for member \u2018a\u2019 in something not a structure or union\n   x.a;\n    ^\n",
    "stdOut":""
  },
  "typechecker/examples/malloc_const_void_ptr.c":{
    "inclusions":[],
    "valid":true,
    "stdErr":"",
    "stdOut":""
  },
  "unit/struct_configurable.c":{
    "inclusions":[],
    "valid":true,
    "stdErr":"",
    "stdOut":""
  },
  "transformation/enum/enum_decl.c":{
    "inclusions":[],
    "valid":true,
    "stdErr":"",
    "stdOut":""
  },
  "transformation/constructs/struct_multiply_defined.c":{
    "inclusions":[],
    "valid":true,
    "stdErr":"",
    "stdOut":""
  },
  "transformation/functions/config_identifier.c":{
    "inclusions":[],
    "valid":true,
    "stdErr":"",
    "stdOut":""
  },
  "typechecker/compound/array_function1.c":{
    "inclusions":[],
    "valid":"unrun configurations",
    "stdErr":"typechecker/compound/array_function1.c: In function \u2018main\u2019:\ntypechecker/compound/array_function1.c:10:4: error: subscripted value is neither array nor pointer nor vector\n   x[2];\n    ^\n",
    "stdOut":""
  },
  "typechecker/examples/PASS_invalid_duplicate_qualifiers.c":{
    "inclusions":[],
    "valid":false,
    "stdErr":"typechecker/examples/PASS_invalid_duplicate_qualifiers.c: In function \u2018main\u2019:\ntypechecker/examples/PASS_invalid_duplicate_qualifiers.c:2:9: error: duplicate \u2018signed\u2019\n  signed signed int a;\n         ^~~~~~\ntypechecker/examples/PASS_invalid_duplicate_qualifiers.c:3:11: error: duplicate \u2018unsigned\u2019\n  unsigned unsigned unsigned int b;\n           ^~~~~~~~\ntypechecker/examples/PASS_invalid_duplicate_qualifiers.c:3:20: error: duplicate \u2018unsigned\u2019\n  unsigned unsigned unsigned int b;\n                    ^~~~~~~~\ntypechecker/examples/PASS_invalid_duplicate_qualifiers.c:4:2: error: duplicate \u2018static\u2019\n  static const static int c;\n  ^~~~~~\ntypechecker/examples/PASS_invalid_duplicate_qualifiers.c:5:2: error: duplicate \u2018auto\u2019\n  auto auto float d;\n  ^~~~\ntypechecker/examples/PASS_invalid_duplicate_qualifiers.c:6:2: error: duplicate \u2018extern\u2019\n  extern extern int e;\n  ^~~~~~\ntypechecker/examples/PASS_invalid_duplicate_qualifiers.c:7:2: error: duplicate \u2018register\u2019\n  register register int f;\n  ^~~~~~~~\n",
    "stdOut":""
  },
  "transformation/phasar/linear_constant/call_01_resugared.c":{
    "inclusions":[],
    "valid":true,
    "stdErr":"",
    "stdOut":""
  },
  "transformation/phasar/linear_constant/basic_02_resugared.c":{
    "inclusions":[],
    "valid":true,
    "stdErr":"",
    "stdOut":""
  },
  "transformation/constructs/types_primitive_and_compound.c":{
    "inclusions":[],
    "valid":"unrun configurations",
    "stdErr":"transformation/constructs/types_primitive_and_compound.c: In function \u2018main\u2019:\ntransformation/constructs/types_primitive_and_compound.c:13:6: error: request for member \u2018x\u2019 in something not a structure or union\n   var.x = 1;\n      ^\n",
    "stdOut":""
  },
  "typechecker/functions/PASS_multipleConfigs.c":{
    "inclusions":[],
    "valid":true,
    "stdErr":"",
    "stdOut":""
  },
  "unit/struct_global_forward_reference_desugar.c":{
    "inclusions":[],
    "valid":true,
    "stdErr":"",
    "stdOut":""
  },
  "typechecker/compound/primitive_array2.c":{
    "inclusions":[],
    "valid":true,
    "stdErr":"",
    "stdOut":""
  },
  "typechecker/functions/PASS_invalid_type_function.c":{
    "inclusions":[],
    "valid":false,
    "stdErr":"typechecker/functions/PASS_invalid_type_function.c:2:12: warning: variable \u2018y\u2019 declared \u2018inline\u2019\n inline int y;\n            ^\ntypechecker/functions/PASS_invalid_type_function.c:1:6: error: storage size of \u2018x\u2019 isn\u2019t known\n void x;\n      ^\n",
    "stdOut":""
  },
  "typechecker/examples/PASS_valid_qualifiers.c":{
    "inclusions":[],
    "valid":true,
    "stdErr":"",
    "stdOut":""
  },
  "unit/typedefname_and_variable_declarations.c":{
    "inclusions":[],
    "valid":"unrun configurations",
    "stdErr":"unit/typedefname_and_variable_declarations.c: In function \u2018main\u2019:\nunit/typedefname_and_variable_declarations.c:8:5: error: expected \u2018;\u2019 before \u2018a\u2019\n   a a;\n     ^\nunit/typedefname_and_variable_declarations.c: In function \u2018f\u2019:\nunit/typedefname_and_variable_declarations.c:12:11: error: expected \u2018=\u2019, \u2018,\u2019, \u2018;\u2019, \u2018asm\u2019 or \u2018__attribute__\u2019 before \u2018a\u2019\n   const a a;\n           ^\n",
    "stdOut":""
  },
  "transformation/expressions/arrays.c":{
    "inclusions":[],
    "valid":true,
    "stdErr":"",
    "stdOut":""
  },
  "unit/abstractpointerdeclarator.c":{
    "inclusions":[],
    "valid":true,
    "stdErr":"",
    "stdOut":""
  },
  "transformation/declaringlists/single.c":{
    "inclusions":[],
    "valid":true,
    "stdErr":"",
    "stdOut":""
  },
  "typechecker/declarators/PASS_valid_Array_Pointer.c":{
    "inclusions":[],
    "valid":true,
    "stdErr":"typechecker/declarators/PASS_valid_Array_Pointer.c:5:5: warning: array \u2018e\u2019 assumed to have one element\n int e[];\n     ^\ntypechecker/declarators/PASS_valid_Array_Pointer.c:9:7: warning: array \u2018i\u2019 assumed to have one element\n int **i[];\n       ^\ntypechecker/declarators/PASS_valid_Array_Pointer.c:12:6: warning: array \u2018l\u2019 assumed to have one element\n int (l[]);\n      ^\ntypechecker/declarators/PASS_valid_Array_Pointer.c:13:5: warning: array \u2018m\u2019 assumed to have one element\n int m[];\n     ^\n",
    "stdOut":""
  },
  "unit/typedefname_partially_defined.c":{
    "inclusions":[],
    "valid":"unrun configurations",
    "stdErr":"unit/typedefname_partially_defined.c: In function \u2018main\u2019:\nunit/typedefname_partially_defined.c:12:9: error: unknown type name \u2018a\u2019\n   const a a;\n         ^\n",
    "stdOut":""
  },
  "typechecker/examples/PASS_invalid_qualifiers.c":{
    "inclusions":[],
    "valid":false,
    "stdErr":"typechecker/examples/PASS_invalid_qualifiers.c: In function \u2018main\u2019:\ntypechecker/examples/PASS_invalid_qualifiers.c:2:13: warning: variable \u2018a\u2019 declared \u2018inline\u2019\n  inline int a;\n             ^\ntypechecker/examples/PASS_invalid_qualifiers.c:3:14: warning: variable \u2018b\u2019 declared \u2018inline\u2019\n  inline long b;\n              ^\ntypechecker/examples/PASS_invalid_qualifiers.c:4:2: error: multiple storage classes in declaration specifiers\n  static extern int c;\n  ^~~~~~\ntypechecker/examples/PASS_invalid_qualifiers.c:5:3: error: multiple storage classes in declaration specifiers\n   static auto int d;\n   ^~~~~~\ntypechecker/examples/PASS_invalid_qualifiers.c:6:2: error: multiple storage classes in declaration specifiers\n  auto extern int e;\n  ^~~~\ntypechecker/examples/PASS_invalid_qualifiers.c:7:2: error: multiple storage classes in declaration specifiers\n  auto register int f;\n  ^~~~\ntypechecker/examples/PASS_invalid_qualifiers.c:8:2: error: multiple storage classes in declaration specifiers\n  static register int g;\n  ^~~~~~\ntypechecker/examples/PASS_invalid_qualifiers.c:9:2: error: multiple storage classes in declaration specifiers\n  register extern int h;\n  ^~~~~~~~\n",
    "stdOut":""
  },
  "transformation/declaringlists/config_const.c":{
    "inclusions":[],
    "valid":true,
    "stdErr":"",
    "stdOut":""
  },
  "transformation/expressions/config_long_constant_arithmetic_ops.c":{
    "inclusions":[],
    "valid":true,
    "stdErr":"",
    "stdOut":""
  },
  "transformation/constructs/types_extern_var_partially-defined.autodesugar.c":{
    "inclusions":[
      "stdbool.h"
    ],
    "valid":false,
    "stdErr":"transformation/constructs/types_extern_var_partially-defined.autodesugar.c:2:10: fatal error: desugared_macros.h: No such file or directory\n #include \"desugared_macros.h\" // configuration macros converted to C variables\n          ^~~~~~~~~~~~~~~~~~~~\ncompilation terminated.\n",
    "stdOut":""
  },
  "unit/struct_global_forward_reference_ifdeftoif.c":{
    "inclusions":[],
    "valid":false,
    "stdErr":"unit/struct_global_forward_reference_ifdeftoif.c:1:10: fatal error: /home/paul/src/typechef/ifdeftoif/id2i_optionstruct.h: No such file or directory\n #include \"/home/paul/src/typechef/ifdeftoif/id2i_optionstruct.h\"\n          ^~~~~~~~~~~~~~~~~~~~~~~~~~~~~~~~~~~~~~~~~~~~~~~~~~~~~~~\ncompilation terminated.\n",
    "stdOut":""
  },
  "unit/enum_constant_expression2.c":{
    "inclusions":[],
    "valid":false,
    "stdErr":"unit/enum_constant_expression2.c:8:12: error: enumerator value for \u2018A\u2019 is not an integer constant\n enum bob { A = y + 2 };\n            ^\nunit/enum_constant_expression2.c:5:10: error: storage size of \u2018x\u2019 isn\u2019t known\n enum bob x;\n          ^\n",
    "stdOut":""
  },
  "transformation/declaringlists/undeclared.c":{
    "inclusions":[],
    "valid":true,
    "stdErr":"",
    "stdOut":""
  },
  "transformation/ifelsewhile/if_no_braces.c":{
    "inclusions":[],
    "valid":true,
    "stdErr":"",
    "stdOut":""
  },
  "typechecker/struct/no_nested_redef.c":{
    "inclusions":[],
    "valid":false,
    "stdErr":"typechecker/struct/no_nested_redef.c:3:10: error: nested redefinition of \u2018struct list\u2019\n   struct list { char data } nested;\n          ^~~~\ntypechecker/struct/no_nested_redef.c:3:27: warning: no semicolon at end of struct or union\n   struct list { char data } nested;\n                           ^\ntypechecker/struct/no_nested_redef.c: In function \u2018main\u2019:\ntypechecker/struct/no_nested_redef.c:11:7: error: \u2018struct list\u2019 has no member named \u2018next\u2019\n   head.next = &tail;\n       ^\ntypechecker/struct/no_nested_redef.c:13:7: error: \u2018struct list\u2019 has no member named \u2018next\u2019\n   tail.next = 0;\n       ^\ntypechecker/struct/no_nested_redef.c:17:5: warning: implicit declaration of function \u2018printf\u2019 [-Wimplicit-function-declaration]\n     printf(\"data: %d\\n\", current->data);\n     ^~~~~~\ntypechecker/struct/no_nested_redef.c:17:5: warning: incompatible implicit declaration of built-in function \u2018printf\u2019\ntypechecker/struct/no_nested_redef.c:17:5: note: include \u2018<stdio.h>\u2019 or provide a declaration of \u2018printf\u2019\ntypechecker/struct/no_nested_redef.c:18:22: error: \u2018struct list\u2019 has no member named \u2018next\u2019\n     current = current->next;\n                      ^~\n",
    "stdOut":""
  },
  "typechecker/examples/test_struct.c":{
    "inclusions":[],
    "valid":true,
    "stdErr":"",
    "stdOut":""
  },
  "unit/enum_size.c":{
    "inclusions":[],
    "valid":false,
    "stdErr":"unit/enum_size.c: In function \u2018main\u2019:\nunit/enum_size.c:15:17: warning: format \u2018%llx\u2019 expects argument of type \u2018long long unsigned int\u2019, but argument 2 has type \u2018long int\u2019 [-Wformat=]\n   printf(\"%016llx\\n\", A);\n           ~~~~~~^\n           %016lx\nunit/enum_size.c:16:17: warning: format \u2018%llx\u2019 expects argument of type \u2018long long unsigned int\u2019, but argument 2 has type \u2018long int\u2019 [-Wformat=]\n   printf(\"%016llx\\n\", B);\n           ~~~~~~^\n           %016lx\nunit/enum_size.c:17:17: warning: format \u2018%llx\u2019 expects argument of type \u2018long long unsigned int\u2019, but argument 2 has type \u2018long int\u2019 [-Wformat=]\n   printf(\"%016llx\\n\", C);\n           ~~~~~~^\n           %016lx\nunit/enum_size.c:18:17: warning: format \u2018%llx\u2019 expects argument of type \u2018long long unsigned int\u2019, but argument 2 has type \u2018long int\u2019 [-Wformat=]\n   printf(\"%016llx\\n\", x);\n           ~~~~~~^\n           %016lx\nunit/enum_size.c:19:17: warning: format \u2018%llx\u2019 expects argument of type \u2018long long unsigned int\u2019, but argument 2 has type \u2018int\u2019 [-Wformat=]\n   printf(\"%016llx\\n\", y);\n           ~~~~~~^\n           %016x\nunit/enum_size.c:22:17: warning: format \u2018%llx\u2019 expects argument of type \u2018long long unsigned int\u2019, but argument 2 has type \u2018long int\u2019 [-Wformat=]\n   printf(\"%016llx\\n\", x);\n           ~~~~~~^\n           %016lx\nunit/enum_size.c: At top level:\nunit/enum_size.c:3:8: error: storage size of \u2018x\u2019 isn\u2019t known\n enum E x;\n        ^\n",
    "stdOut":""
  },
  "transformation/phasar/linear_constant/loop_01_resugared.c":{
    "inclusions":[],
    "valid":true,
    "stdErr":"",
    "stdOut":""
  },
  "typechecker/examples/PASS_invalid_signed_unsigned.c":{
    "inclusions":[],
    "valid":false,
    "stdErr":"typechecker/examples/PASS_invalid_signed_unsigned.c: In function \u2018main\u2019:\ntypechecker/examples/PASS_invalid_signed_unsigned.c:2:9: error: both \u2018signed\u2019 and \u2018unsigned\u2019 in declaration specifiers\n  signed unsigned int a;\n         ^~~~~~~~\ntypechecker/examples/PASS_invalid_signed_unsigned.c:3:9: error: both \u2018signed\u2019 and \u2018float\u2019 in declaration specifiers\n  signed float b;\n         ^~~~~\ntypechecker/examples/PASS_invalid_signed_unsigned.c:4:11: error: both \u2018unsigned\u2019 and \u2018float\u2019 in declaration specifiers\n  unsigned float c;\n           ^~~~~\ntypechecker/examples/PASS_invalid_signed_unsigned.c:5:9: error: both \u2018signed\u2019 and \u2018double\u2019 in declaration specifiers\n  signed double d;\n         ^~~~~~\ntypechecker/examples/PASS_invalid_signed_unsigned.c:6:11: error: both \u2018unsigned\u2019 and \u2018double\u2019 in declaration specifiers\n  unsigned double e;\n           ^~~~~~\n",
    "stdOut":""
  },
  "transformation/icse19nier/icsenier2.c":{
    "inclusions":[],
    "valid":"unrun configurations",
    "stdErr":"transformation/icse19nier/icsenier2.c: In function \u2018main\u2019:\ntransformation/icse19nier/icsenier2.c:10:6: error: \u2018struct t\u2019 has no member named \u2018i_reserved_quota\u2019\n   var.i_reserved_quota = 1;\n      ^\n",
    "stdOut":""
  },
  "typechecker/configurable/PASS_basic_init.c":{
    "inclusions":[],
    "valid":true,
    "stdErr":"",
    "stdOut":""
  },
  "transformation/constructs/types_multiple_scopes.c":{
    "inclusions":[],
    "valid":true,
    "stdErr":"",
    "stdOut":""
  },
  "unit/struct_local_illegal.c":{
    "inclusions":[],
    "valid":false,
    "stdErr":"unit/struct_local_illegal.c: In function \u2018main\u2019:\nunit/struct_local_illegal.c:2:12: error: storage size of \u2018x\u2019 isn\u2019t known\n   struct s x;\n            ^\n",
    "stdOut":""
  },
  "transformation/typedef_struct/typedef_struct_no_main.c":{
    "inclusions":[],
    "valid":true,
    "stdErr":"",
    "stdOut":""
  },
  "typechecker/declarators/PASS_valid_decl_quals.c":{
    "inclusions":[],
    "valid":true,
    "stdErr":"",
    "stdOut":""
  },
  "unit/enum_configurable.c":{
    "inclusions":[],
    "valid":false,
    "stdErr":"unit/enum_configurable.c:3:9: error: initializer element is not constant\n int x = p ? 1 : 0;\n         ^\n",
    "stdOut":""
  },
  "typechecker/struct/redef.c":{
    "inclusions":[],
    "valid":true,
    "stdErr":"typechecker/struct/redef.c: In function \u2018main\u2019:\ntypechecker/struct/redef.c:19:5: warning: implicit declaration of function \u2018printf\u2019 [-Wimplicit-function-declaration]\n     printf(\"data: %c\\n\", current->data.p);\n     ^~~~~~\ntypechecker/struct/redef.c:19:5: warning: incompatible implicit declaration of built-in function \u2018printf\u2019\ntypechecker/struct/redef.c:19:5: note: include \u2018<stdio.h>\u2019 or provide a declaration of \u2018printf\u2019\n",
    "stdOut":""
  },
  "unit/bitfieldsize.c":{
    "inclusions":[],
    "valid":true,
    "stdErr":"",
    "stdOut":""
  },
  "transformation/phasar/linear_constant/basic_03_resugared.c":{
    "inclusions":[],
    "valid":true,
    "stdErr":"",
    "stdOut":""
  },
  "linking/same_type/global_only.c":{
    "inclusions":[],
    "valid":true,
    "stdErr":"",
    "stdOut":""
  },
  "transformation/union/config_partially_defined_fields2.c":{
    "inclusions":[],
    "valid":false,
    "stdErr":"transformation/union/config_partially_defined_fields2.c: In function \u2018main\u2019:\ntransformation/union/config_partially_defined_fields2.c:15:12: error: \u2018union intCharFloat\u2019 has no member named \u2018character\u2019\n   usedUnion.character = 'h';\n            ^\n",
    "stdOut":""
  },
  "typechecker/struct/tagged.c":{
    "inclusions":[],
    "valid":true,
    "stdErr":"",
    "stdOut":""
  },
  "transformation/misc/regular_conditional.c":{
    "inclusions":[],
    "valid":true,
    "stdErr":"",
    "stdOut":""
  },
  "transformation/expressions/config_short_constant_arithmetic_ops.c":{
    "inclusions":[],
    "valid":true,
    "stdErr":"",
    "stdOut":""
  },
  "unit/forloopdecl.c":{
    "inclusions":[],
    "valid":true,
    "stdErr":"",
    "stdOut":""
  },
  "typechecker/functions/PASS_typedefParams.c":{
    "inclusions":[],
    "valid":true,
    "stdErr":"",
    "stdOut":""
  },
  "transformation/constructs/global_function_multiply-defined.autodesugar.c":{
    "inclusions":[
      "stdbool.h"
    ],
    "valid":false,
    "stdErr":"transformation/constructs/global_function_multiply-defined.autodesugar.c:2:10: fatal error: desugared_macros.h: No such file or directory\n #include \"desugared_macros.h\" // configuration macros converted to C variables\n          ^~~~~~~~~~~~~~~~~~~~\ncompilation terminated.\n",
    "stdOut":""
  },
  "unit/struct_configurable_tls1.c":{
    "inclusions":[],
    "valid":true,
    "stdErr":"",
    "stdOut":""
  },
  "typechecker/configurable/PASS_basic_statement.c":{
    "inclusions":[],
    "valid":true,
    "stdErr":"",
    "stdOut":""
  },
  "transformation/typedef_struct/config_partially_defined_struct_field.c":{
    "inclusions":[],
    "valid":"unrun configurations",
    "stdErr":"transformation/typedef_struct/config_partially_defined_struct_field.c:7:3: error: unknown type name \u2018typeAlias\u2019\n   typeAlias val;\n   ^~~~~~~~~\n",
    "stdOut":""
  },
  "unit/struct_ref_local_var2.c":{
    "inclusions":[],
    "valid":true,
    "stdErr":"",
    "stdOut":""
  },
  "transformation/functions/config_main_body.c":{
    "inclusions":[],
    "valid":true,
    "stdErr":"",
    "stdOut":""
  },
  "transformation/expressions/expressions.c":{
    "inclusions":[],
    "valid":true,
    "stdErr":"",
    "stdOut":""
  },
  "typechecker/configurable/PASS_basic_type.c":{
    "inclusions":[],
    "valid":true,
    "stdErr":"",
    "stdOut":""
  },
  "typechecker/examples/PASS_noIdentifier.c":{
    "inclusions":[],
    "valid":false,
    "stdErr":"typechecker/examples/PASS_noIdentifier.c:1:6: error: expected identifier or \u2018(\u2019 before \u2018;\u2019 token\n int *;\n      ^\n",
    "stdOut":""
  },
  "transformation/phasar/linear_constant/basic_03.c":{
    "inclusions":[],
    "valid":true,
    "stdErr":"",
    "stdOut":""
  },
  "unit/if_statement_configurable1.c":{
    "inclusions":[],
    "valid":true,
    "stdErr":"",
    "stdOut":""
  },
  "transformation/declaringlists/error.c":{
    "inclusions":[],
    "valid":false,
    "stdErr":"transformation/declaringlists/error.c:1:6: error: two or more data types in declaration specifiers\n char char x;\n      ^~~~\n",
    "stdOut":""
  },
  "transformation/constructs/local_var_multiply-defined_primitive.c":{
    "inclusions":[],
    "valid":true,
    "stdErr":"",
    "stdOut":""
  },
  "unit/struct_global_local.c":{
    "inclusions":[],
    "valid":false,
    "stdErr":"unit/struct_global_local.c:26:5: error: redefinition of \u2018main\u2019\n int main() {\n     ^~~~\nunit/struct_global_local.c:5:5: note: previous definition of \u2018main\u2019 was here\n int main() {\n     ^~~~\n",
    "stdOut":""
  },
  "transformation/constructs/extern_var_multiply-defined_primitive.autodesugar.c":{
    "inclusions":[
      "stdbool.h"
    ],
    "valid":false,
    "stdErr":"transformation/constructs/extern_var_multiply-defined_primitive.autodesugar.c:2:10: fatal error: desugared_macros.h: No such file or directory\n #include \"desugared_macros.h\" // configuration macros converted to C variables\n          ^~~~~~~~~~~~~~~~~~~~\ncompilation terminated.\n",
    "stdOut":""
  },
  "transformation/constructs/static_function_multiple_prototypes_same_body.c":{
    "inclusions":[],
    "valid":true,
    "stdErr":"",
    "stdOut":""
  },
  "transformation/expressions/config_var_address.c":{
    "inclusions":[],
    "valid":true,
    "stdErr":"transformation/expressions/config_var_address.c: In function \u2018main\u2019:\ntransformation/expressions/config_var_address.c:8:7: warning: assignment makes pointer from integer without a cast [-Wint-conversion]\n     y = 3;\n       ^\n",
    "stdOut":""
  },
  "transformation/functions/function_pointer.c":{
    "inclusions":[],
    "valid":true,
    "stdErr":"transformation/functions/function_pointer.c: In function \u2018fun\u2019:\ntransformation/functions/function_pointer.c:5:5: warning: implicit declaration of function \u2018printf\u2019 [-Wimplicit-function-declaration]\n     printf(\"Value of a is %d\\n\", a);\n     ^~~~~~\ntransformation/functions/function_pointer.c:5:5: warning: incompatible implicit declaration of built-in function \u2018printf\u2019\ntransformation/functions/function_pointer.c:5:5: note: include \u2018<stdio.h>\u2019 or provide a declaration of \u2018printf\u2019\n",
    "stdOut":""
  },
  "typechecker/struct/anonymous.c":{
    "inclusions":[],
    "valid":true,
    "stdErr":"",
    "stdOut":""
  },
  "typechecker/examples/PASS_no_redeclaration.c":{
    "inclusions":[],
    "valid":true,
    "stdErr":"",
    "stdOut":""
  },
  "transformation/functions/single.c":{
    "inclusions":[],
    "valid":true,
    "stdErr":"",
    "stdOut":""
  },
  "unit/configurable_array.c":{
    "inclusions":[],
    "valid":"unrun configurations",
    "stdErr":"unit/configurable_array.c:7:5: error: variably modified \u2018y\u2019 at file scope\n int y[][x];\n     ^\nunit/configurable_array.c:7:5: warning: array \u2018y\u2019 assumed to have one element\n",
    "stdOut":""
  },
  "transformation/declaringlists/config_const_conditional_error.c":{
    "inclusions":[],
    "valid":false,
    "stdErr":"transformation/declaringlists/config_const_conditional_error.c: In function \u2018main\u2019:\ntransformation/declaringlists/config_const_conditional_error.c:6:11: error: \u2018x\u2019 undeclared (first use in this function)\n   int y = x;\n           ^\ntransformation/declaringlists/config_const_conditional_error.c:6:11: note: each undeclared identifier is reported only once for each function it appears in\n",
    "stdOut":""
  },
  "transformation/typedef_struct/config_typedef_struct_decl.c":{
    "inclusions":[],
    "valid":true,
    "stdErr":"",
    "stdOut":""
  },
  "typechecker/struct/tagnamespace.c":{
    "inclusions":[],
    "valid":true,
    "stdErr":"",
    "stdOut":""
  },
  "typechecker/compound/primitive_function1.c":{
    "inclusions":[],
    "valid":"unrun configurations",
    "stdErr":"typechecker/compound/primitive_function1.c: In function \u2018main\u2019:\ntypechecker/compound/primitive_function1.c:10:4: error: lvalue required as increment operand\n   x++;\n    ^~\n",
    "stdOut":""
  },
  "transformation/declaringlists/config_no_init.c":{
    "inclusions":[],
    "valid":true,
    "stdErr":"",
    "stdOut":""
  },
  "transformation/constructs/types_extern_function_multiply-defined.c":{
    "inclusions":[],
    "valid":"unrun configurations",
    "stdErr":"transformation/constructs/types_extern_function_multiply-defined.c: In function \u2018main\u2019:\ntransformation/constructs/types_extern_function_multiply-defined.c:8:3: error: too few arguments to function \u2018x\u2019\n   x();\n   ^\ntransformation/constructs/types_extern_function_multiply-defined.c:4:14: note: declared here\n extern float x(int);\n              ^\n",
    "stdOut":""
  },
  "unit/if_statement_configurable3.c":{
    "inclusions":[],
    "valid":true,
    "stdErr":"",
    "stdOut":""
  },
  "transformation/expressions/postfix.c":{
    "inclusions":[],
    "valid":true,
    "stdErr":"",
    "stdOut":""
  },
  "typechecker/examples/volatile_abstract_declarator.c":{
    "inclusions":[],
    "valid":true,
    "stdErr":"",
    "stdOut":""
  },
  "transformation/icse19nier/icsenier2.desugared1.c":{
    "inclusions":[],
    "valid":false,
    "stdErr":"transformation/icse19nier/icsenier2.desugared1.c:1:1: error: unknown type name \u2018bool\u2019; did you mean \u2018_Bool\u2019?\n bool CONFIG_QUOTA; /* originally a macro */\n ^~~~\n _Bool\n",
    "stdOut":""
  },
  "unit/struct_crossref_local.c":{
    "inclusions":[],
    "valid":true,
    "stdErr":"",
    "stdOut":""
  },
  "transformation/expressions/short_variable_arithmetic_ops.c":{
    "inclusions":[],
    "valid":true,
    "stdErr":"",
    "stdOut":""
  },
  "unit/desugarer_test.c":{
    "inclusions":[],
    "valid":true,
    "stdErr":"",
    "stdOut":""
  },
  "transformation/constructs/global_function_multiple_prototypes_same_body.autodesugar.c":{
    "inclusions":[
      "stdbool.h"
    ],
    "valid":false,
    "stdErr":"transformation/constructs/global_function_multiple_prototypes_same_body.autodesugar.c:2:10: fatal error: desugared_macros.h: No such file or directory\n #include \"desugared_macros.h\" // configuration macros converted to C variables\n          ^~~~~~~~~~~~~~~~~~~~\ncompilation terminated.\n",
    "stdOut":""
  },
  "transformation/expressions/array_assignment.c":{
    "inclusions":[],
    "valid":true,
    "stdErr":"",
    "stdOut":""
  },
  "typechecker/declarators/PASS_invalid_typedefs.c":{
    "inclusions":[],
    "valid":false,
    "stdErr":"typechecker/declarators/PASS_invalid_typedefs.c:1:1: error: multiple storage classes in declaration specifiers\n typedef extern int a;\n ^~~~~~~\ntypechecker/declarators/PASS_invalid_typedefs.c:2:1: error: multiple storage classes in declaration specifiers\n typedef register int b;\n ^~~~~~~\ntypechecker/declarators/PASS_invalid_typedefs.c:3:1: error: multiple storage classes in declaration specifiers\n static typedef int c;\n ^~~~~~\ntypechecker/declarators/PASS_invalid_typedefs.c:5:12: error: expected \u2018=\u2019, \u2018,\u2019, \u2018;\u2019, \u2018asm\u2019 or \u2018__attribute__\u2019 before \u2018d\u2019\n unsigned z d;\n            ^\ntypechecker/declarators/PASS_invalid_typedefs.c:6:10: error: expected \u2018=\u2019, \u2018,\u2019, \u2018;\u2019, \u2018asm\u2019 or \u2018__attribute__\u2019 before \u2018e\u2019\n signed z e;\n          ^\ntypechecker/declarators/PASS_invalid_typedefs.c:7:8: error: expected \u2018=\u2019, \u2018,\u2019, \u2018;\u2019, \u2018asm\u2019 or \u2018__attribute__\u2019 before \u2018f\u2019\n long z f;\n        ^\n",
    "stdOut":""
  },
  "unit/struct_union_enum.c":{
    "inclusions":[],
    "valid":"unrun configurations",
    "stdErr":"unit/struct_union_enum.c:4:19: error: field \u2018sa\u2019 has incomplete type\n   struct sockaddr sa;\n                   ^~\nunit/struct_union_enum.c:5:22: error: field \u2018sin\u2019 has incomplete type\n   struct sockaddr_in sin;\n                      ^~~\nunit/struct_union_enum.c: In function \u2018main\u2019:\nunit/struct_union_enum.c:13:3: error: request for member \u2018u\u2019 in something not a structure or union\n   __builtin_offsetof(int, u);\n   ^~~~~~~~~~~~~~~~~~\n",
    "stdOut":""
  },
  "typechecker/configurable/PASS_mutuallyExclusiveTypedefs.c":{
    "inclusions":[],
    "valid":true,
    "stdErr":"",
    "stdOut":""
  },
  "transformation/constructs/extern_function_multiply-defined.c":{
    "inclusions":[],
    "valid":true,
    "stdErr":"",
    "stdOut":""
  },
  "transformation/phasar/linear_constant/twovariables.desugared_resugared.c":{
    "inclusions":[],
    "valid":true,
    "stdErr":"",
    "stdOut":""
  },
  "typechecker/declarators/PASS_void_typedef.c":{
    "inclusions":[],
    "valid":false,
    "stdErr":"typechecker/declarators/PASS_void_typedef.c:5:3: error: storage size of \u2018x\u2019 isn\u2019t known\n v x; //invalid\n   ^\n",
    "stdOut":""
  },
  "typechecker/compound/array_struct2.c":{
    "inclusions":[],
    "valid":true,
    "stdErr":"",
    "stdOut":""
  },
  "unit/local_redeclarations.c":{
    "inclusions":[],
    "valid":true,
    "stdErr":"",
    "stdOut":""
  },
  "transformation/typedef_struct/typedef_struct_decl.c":{
    "inclusions":[],
    "valid":true,
    "stdErr":"",
    "stdOut":""
  },
  "transformation/phasar/linear_constant/basic_01_resugared.c":{
    "inclusions":[],
    "valid":true,
    "stdErr":"",
    "stdOut":""
  },
  "typechecker/struct/struct_global_forward_reference.c":{
    "inclusions":[],
    "valid":false,
    "stdErr":"typechecker/struct/struct_global_forward_reference.c:7:12: error: field \u2018y\u2019 has incomplete type\n   struct t y;\n            ^\n",
    "stdOut":""
  },
  "typechecker/functions/PASS_conditionalParams.c":{
    "inclusions":[],
    "valid":true,
    "stdErr":"",
    "stdOut":""
  },
  "unit/enum.c":{
    "inclusions":[],
    "valid":true,
    "stdErr":"",
    "stdOut":""
  },
  "transformation/ifelsewhile/if_else_no_braces.c":{
    "inclusions":[],
    "valid":true,
    "stdErr":"",
    "stdOut":""
  },
  "transformation/expressions/config_array_decl.c":{
    "inclusions":[],
    "valid":true,
    "stdErr":"",
    "stdOut":""
  },
  "transformation/expressions/variable_address.c":{
    "inclusions":[],
    "valid":true,
    "stdErr":"",
    "stdOut":""
  },
  "typechecker/examples/typedef_stdio.c":{
    "inclusions":[],
    "valid":true,
    "stdErr":"",
    "stdOut":""
  },
  "typechecker/compound/function_function1.c":{
    "inclusions":[],
    "valid":"unrun configurations",
    "stdErr":"typechecker/compound/function_function1.c: In function \u2018main\u2019:\ntypechecker/compound/function_function1.c:12:3: error: too many arguments to function \u2018x\u2019\n   x(3.2, 4.0);\n   ^\ntypechecker/compound/function_function1.c:6:6: note: declared here\n char x(int y) {\n      ^\n",
    "stdOut":""
  },
  "transformation/functions/config_multiply_defined_parameter.c":{
    "inclusions":[],
    "valid":true,
    "stdErr":"",
    "stdOut":""
  },
  "transformation/typedef_struct/config_typedef.c":{
    "inclusions":[],
    "valid":true,
    "stdErr":"",
    "stdOut":""
  },
  "unit/qualifiedpointer.c":{
    "inclusions":[],
    "valid":true,
    "stdErr":"",
    "stdOut":""
  },
  "unit/struct_desugar_test.c":{
    "inclusions":[],
    "valid":true,
    "stdErr":"",
    "stdOut":""
  },
  "unit/struct_nested_anonymous.c":{
    "inclusions":[],
    "valid":true,
    "stdErr":"",
    "stdOut":""
  },
  "transformation/misc/canonical_example.c":{
    "inclusions":[],
    "valid":true,
    "stdErr":"",
    "stdOut":""
  },
  "typechecker/compound/pointer_array2.c":{
    "inclusions":[],
    "valid":true,
    "stdErr":"",
    "stdOut":""
  },
  "transformation/constructs/types_global_function_multiple_prototypes_same_body.autodesugar.c":{
    "inclusions":[
      "stdbool.h"
    ],
    "valid":false,
    "stdErr":"transformation/constructs/types_global_function_multiple_prototypes_same_body.autodesugar.c:2:10: fatal error: desugared_macros.h: No such file or directory\n #include \"desugared_macros.h\" // configuration macros converted to C variables\n          ^~~~~~~~~~~~~~~~~~~~\ncompilation terminated.\n",
    "stdOut":""
  },
  "typechecker/compound/pointer_struct1.c":{
    "inclusions":[],
    "valid":false,
    "stdErr":"typechecker/compound/pointer_struct1.c: In function \u2018main\u2019:\ntypechecker/compound/pointer_struct1.c:10:5: error: incompatible types when assigning to type \u2018struct <anonymous>\u2019 from type \u2018int *\u2019\n   x = &num;\n     ^\ntypechecker/compound/pointer_struct1.c:11:3: error: invalid type argument of unary \u2018*\u2019 (have \u2018struct <anonymous>\u2019)\n   *x;\n   ^~\n",
    "stdOut":""
  },
  "transformation/expressions/variable_arithmetic_assignment.c":{
    "inclusions":[],
    "valid":true,
    "stdErr":"",
    "stdOut":""
  },
  "typechecker/compound/pointer_pointer2.c":{
    "inclusions":[],
    "valid":true,
    "stdErr":"",
    "stdOut":""
  },
  "transformation/misc/canonical.c":{
    "inclusions":[],
    "valid":true,
    "stdErr":"",
    "stdOut":""
  },
  "transformation/expressions/short_constant_arithmetic_ops.c":{
    "inclusions":[],
    "valid":true,
    "stdErr":"",
    "stdOut":""
  },
  "transformation/enum/config_typedef_enum.c":{
    "inclusions":[],
    "valid":true,
    "stdErr":"",
    "stdOut":""
  },
  "transformation/misc/singlevariable.c":{
    "inclusions":[],
    "valid":true,
    "stdErr":"",
    "stdOut":""
  },
  "transformation/misc/bob.c":{
    "inclusions":[],
    "valid":true,
    "stdErr":"",
    "stdOut":""
  },
  "transformation/functions/config_return_type.c":{
    "inclusions":[],
    "valid":true,
    "stdErr":"",
    "stdOut":""
  },
  "typechecker/configurable/PASS_basic_pointers.c":{
    "inclusions":[],
    "valid":true,
    "stdErr":"",
    "stdOut":""
  },
  "typechecker/compound/struct_struct1.c":{
    "inclusions":[],
    "valid":false,
    "stdErr":"typechecker/compound/struct_struct1.c: In function \u2018main\u2019:\ntypechecker/compound/struct_struct1.c:8:4: error: \u2018struct <anonymous>\u2019 has no member named \u2018a\u2019\n   x.a;\n    ^\n",
    "stdOut":""
  },
  "transformation/expressions/config_variable_arithmetic_assignment.c":{
    "inclusions":[],
    "valid":true,
    "stdErr":"",
    "stdOut":""
  },
  "typechecker/compound/primitive_array1.c":{
    "inclusions":[],
    "valid":false,
    "stdErr":"typechecker/compound/primitive_array1.c: In function \u2018main\u2019:\ntypechecker/compound/primitive_array1.c:8:5: error: assignment to expression with array type\n   x = 1;\n     ^\ntypechecker/compound/primitive_array1.c:9:4: error: lvalue required as increment operand\n   x++;\n    ^~\n",
    "stdOut":""
  },
  "transformation/pointer_deref2.c":{
    "inclusions":[],
    "valid":true,
    "stdErr":"",
    "stdOut":""
  },
  "transformation/constructs/types_global_function_multiple_prototypes_same_body.c":{
    "inclusions":[],
    "valid":"unrun configurations",
    "stdErr":"transformation/constructs/types_global_function_multiple_prototypes_same_body.c: In function \u2018x\u2019:\ntransformation/constructs/types_global_function_multiple_prototypes_same_body.c:14:11: error: \u2018y\u2019 undeclared (first use in this function)\n   b = b + y;\n           ^\ntransformation/constructs/types_global_function_multiple_prototypes_same_body.c:14:11: note: each undeclared identifier is reported only once for each function it appears in\n",
    "stdOut":""
  },
  "transformation/expressions/array_expr_decl.c":{
    "inclusions":[],
    "valid":true,
    "stdErr":"",
    "stdOut":""
  },
  "transformation/misc/decl.c":{
    "inclusions":[],
    "valid":true,
    "stdErr":"",
    "stdOut":""
  },
  "unit/struct_undef_cast.c":{
    "inclusions":[],
    "valid":true,
    "stdErr":"",
    "stdOut":""
  },
  "transformation/phasar/linear_constant/basic_01.c":{
    "inclusions":[],
    "valid":true,
    "stdErr":"",
    "stdOut":""
  },
  "unit/function_parameters.c":{
    "inclusions":[],
    "valid":true,
    "stdErr":"",
    "stdOut":""
  },
  "typechecker/functions/PASS_basicFunctions.c":{
    "inclusions":[],
    "valid":true,
    "stdErr":"",
    "stdOut":""
  },
  "transformation/misc/twovariablesdifferent.c":{
    "inclusions":[],
    "valid":true,
    "stdErr":"",
    "stdOut":""
  },
  "transformation/constructs/types_function_and_extern_primitive.c":{
    "inclusions":[],
    "valid":true,
    "stdErr":"",
    "stdOut":""
  },
  "typechecker/compound/array_array1.c":{
    "inclusions":[],
    "valid":true,
    "stdErr":"",
    "stdOut":""
  },
  "unit/variable_partially_defined.c":{
    "inclusions":[],
    "valid":"unrun configurations",
    "stdErr":"unit/variable_partially_defined.c: In function \u2018main\u2019:\nunit/variable_partially_defined.c:12:3: error: \u2018a\u2019 undeclared (first use in this function)\n   a;\n   ^\nunit/variable_partially_defined.c:12:3: note: each undeclared identifier is reported only once for each function it appears in\n",
    "stdOut":""
  },
  "transformation/constructs/types_global_function_multiply-defined.autodesugar.c":{
    "inclusions":[
      "stdbool.h"
    ],
    "valid":false,
    "stdErr":"transformation/constructs/types_global_function_multiply-defined.autodesugar.c:2:10: fatal error: desugared_macros.h: No such file or directory\n #include \"desugared_macros.h\" // configuration macros converted to C variables\n          ^~~~~~~~~~~~~~~~~~~~\ncompilation terminated.\n",
    "stdOut":""
  },
  "transformation/constructs/types_extern_var_partially-defined.c":{
    "inclusions":[],
    "valid":"unrun configurations",
    "stdErr":"transformation/constructs/types_extern_var_partially-defined.c: In function \u2018main\u2019:\ntransformation/constructs/types_extern_var_partially-defined.c:7:3: error: \u2018x\u2019 undeclared (first use in this function)\n   x++;\n   ^\ntransformation/constructs/types_extern_var_partially-defined.c:7:3: note: each undeclared identifier is reported only once for each function it appears in\n",
    "stdOut":""
  },
  "transformation/functions/config_explicit_function_call.c":{
    "inclusions":[],
    "valid":true,
    "stdErr":"",
    "stdOut":""
  },
  "typechecker/declarators/invalid_Array_Pointer.c":{
    "inclusions":[],
    "valid":false,
    "stdErr":"typechecker/declarators/invalid_Array_Pointer.c:1:5: error: size of array \u2018a\u2019 is negative\n int a[-1];\n     ^\ntypechecker/declarators/invalid_Array_Pointer.c:2:5: error: size of array \u2018b\u2019 is negative\n int b[1 - 2];\n     ^\ntypechecker/declarators/invalid_Array_Pointer.c:3:7: error: expected identifier or \u2018(\u2019 before \u2018)\u2019 token\n int (*)c;\n       ^\ntypechecker/declarators/invalid_Array_Pointer.c:4:7: error: expected identifier or \u2018(\u2019 before \u2018)\u2019 token\n int (*)(d);\n       ^\n",
    "stdOut":""
  },
  "transformation/functions/config_implicit_function_call.c":{
    "inclusions":[],
    "valid":true,
    "stdErr":"",
    "stdOut":""
  },
  "typechecker/declarators/invalid_typedef.c":{
    "inclusions":[],
    "valid":false,
    "stdErr":"typechecker/declarators/invalid_typedef.c:1:19: error: \u2018long long long\u2019 is too long for GCC\n typedef long long long lll;\n                   ^~~~\n",
    "stdOut":""
  },
  "transformation/phasar/linear_constant/basic_04_resugared.c":{
    "inclusions":[],
    "valid":true,
    "stdErr":"",
    "stdOut":""
  },
  "transformation/constructs/types_global_function_multiply-defined.c":{
    "inclusions":[],
    "valid":"unrun configurations",
    "stdErr":"transformation/constructs/types_global_function_multiply-defined.c: In function \u2018main\u2019:\ntransformation/constructs/types_global_function_multiply-defined.c:16:3: error: too few arguments to function \u2018x\u2019\n   x();\n   ^\ntransformation/constructs/types_global_function_multiply-defined.c:7:6: note: declared here\n char x(int y) {\n      ^\n",
    "stdOut":""
  },
  "typechecker/examples/PASS_valid_long.c":{
    "inclusions":[],
    "valid":true,
    "stdErr":"",
    "stdOut":""
  },
  "unit/parendeclarator.c":{
    "inclusions":[],
    "valid":true,
    "stdErr":"",
    "stdOut":""
  },
  "unit/struct_configurable_cross_and_forward_ref.c":{
    "inclusions":[],
    "valid":true,
    "stdErr":"",
    "stdOut":""
  },
  "unit/enum_enumerators.c":{
    "inclusions":[],
    "valid":true,
    "stdErr":"",
    "stdOut":""
  },
  "unit/switch.c":{
    "inclusions":[
      "stdio.h"
    ],
    "valid":true,
    "stdErr":"",
    "stdOut":""
  },
  "typechecker/compound/array_function2.c":{
    "inclusions":[],
    "valid":true,
    "stdErr":"",
    "stdOut":""
  },
  "transformation/expressions/config_postfix.c":{
    "inclusions":[],
    "valid":true,
    "stdErr":"",
    "stdOut":""
  },
  "typechecker/examples/PASS_missing_types_valid_qualifiers.c":{
    "inclusions":[],
    "valid":true,
    "stdErr":"typechecker/examples/PASS_missing_types_valid_qualifiers.c: In function \u2018main\u2019:\ntypechecker/examples/PASS_missing_types_valid_qualifiers.c:3:15: warning: type defaults to \u2018int\u2019 in declaration of \u2018a\u2019 [-Wimplicit-int]\n  static const a;\n               ^\ntypechecker/examples/PASS_missing_types_valid_qualifiers.c:4:15: warning: type defaults to \u2018int\u2019 in declaration of \u2018b\u2019 [-Wimplicit-int]\n  extern const b;\n               ^\ntypechecker/examples/PASS_missing_types_valid_qualifiers.c:5:13: warning: type defaults to \u2018int\u2019 in declaration of \u2018c\u2019 [-Wimplicit-int]\n  auto const c;\n             ^\ntypechecker/examples/PASS_missing_types_valid_qualifiers.c:6:16: warning: type defaults to \u2018int\u2019 in declaration of \u2018d\u2019 [-Wimplicit-int]\n  auto volatile d;\n                ^\ntypechecker/examples/PASS_missing_types_valid_qualifiers.c:7:17: warning: type defaults to \u2018int\u2019 in declaration of \u2018e\u2019 [-Wimplicit-int]\n  const volatile e;\n                 ^\ntypechecker/examples/PASS_missing_types_valid_qualifiers.c:8:18: warning: type defaults to \u2018int\u2019 in declaration of \u2018f\u2019 [-Wimplicit-int]\n  static volatile f;\n                  ^\ntypechecker/examples/PASS_missing_types_valid_qualifiers.c:9:18: warning: type defaults to \u2018int\u2019 in declaration of \u2018g\u2019 [-Wimplicit-int]\n  extern volatile g;\n                  ^\ntypechecker/examples/PASS_missing_types_valid_qualifiers.c:10:17: warning: type defaults to \u2018int\u2019 in declaration of \u2018h\u2019 [-Wimplicit-int]\n  register const h;\n                 ^\ntypechecker/examples/PASS_missing_types_valid_qualifiers.c:11:20: warning: type defaults to \u2018int\u2019 in declaration of \u2018i\u2019 [-Wimplicit-int]\n  register volatile i;\n                    ^\n",
    "stdOut":""
  },
  "unit/z3.c":{
    "inclusions":[],
    "valid":true,
    "stdErr":"",
    "stdOut":""
  },
  "unit/enum_tag.c":{
    "inclusions":[],
    "valid":true,
    "stdErr":"",
    "stdOut":""
  },
  "transformation/constructs/global_var_static.autodesugar.c":{
    "inclusions":[
      "stdbool.h"
    ],
    "valid":false,
    "stdErr":"transformation/constructs/global_var_static.autodesugar.c:2:10: fatal error: desugared_macros.h: No such file or directory\n #include \"desugared_macros.h\" // configuration macros converted to C variables\n          ^~~~~~~~~~~~~~~~~~~~\ncompilation terminated.\n",
    "stdOut":""
  },
  "typechecker/compound/primitive_primitive1.c":{
    "inclusions":[],
    "valid":true,
    "stdErr":"",
    "stdOut":""
  },
  "transformation/phasar/secure_memory/memory1.c":{
    "inclusions":[
      "stdio.h",
      "stdlib.h",
      "openssl/crypto.h"
    ],
    "valid":true,
    "stdErr":"",
    "stdOut":""
  },
  "typechecker/examples/PASS_partial_redeclaration2.c":{
    "inclusions":[],
    "valid":true,
    "stdErr":"",
    "stdOut":""
  },
  "typechecker/examples/scope_partial_declaration1.c":{
    "inclusions":[],
    "valid":true,
    "stdErr":"",
    "stdOut":""
  },
  "transformation/union/union_use.c":{
    "inclusions":[],
    "valid":true,
    "stdErr":"",
    "stdOut":""
  },
  "unit/declaringlist.c":{
    "inclusions":[],
    "valid":true,
    "stdErr":"unit/declaringlist.c:1:41: warning: array \u2018x4a\u2019 assumed to have one element\n int x1, *x2, *(x2b), **x3, (*(*(x3b))), x4a[], x4b[2], x5[3][3], *x6[4], **x7[6], (*x8)[7];\n                                         ^~~\n",
    "stdOut":""
  },
  "transformation/declaringlists/main.c":{
    "inclusions":[],
    "valid":true,
    "stdErr":"",
    "stdOut":""
  },
  "transformation/union/config_partially_defined_fields1.c":{
    "inclusions":[],
    "valid":"unrun configurations",
    "stdErr":"transformation/union/config_partially_defined_fields1.c: In function \u2018main\u2019:\ntransformation/union/config_partially_defined_fields1.c:18:12: error: \u2018union intCharFloat\u2019 has no member named \u2018character\u2019\n   usedUnion.character = 'h';\n            ^\n",
    "stdOut":""
  },
  "transformation/functions/int_main.c":{
    "inclusions":[],
    "valid":true,
    "stdErr":"",
    "stdOut":""
  },
  "unit/struct_local_legal.c":{
    "inclusions":[],
    "valid":true,
    "stdErr":"",
    "stdOut":""
  },
  "unit/offsetof.c":{
    "inclusions":[
      "stddef.h"
    ],
    "valid":true,
    "stdErr":"",
    "stdOut":""
  },
  "transformation/functions/function_call_void.c":{
    "inclusions":[],
    "valid":true,
    "stdErr":"",
    "stdOut":""
  },
  "typechecker/compound/pointer_function1.c":{
    "inclusions":[],
    "valid":"unrun configurations",
    "stdErr":"typechecker/compound/pointer_function1.c: In function \u2018main\u2019:\ntypechecker/compound/pointer_function1.c:12:5: error: lvalue required as left operand of assignment\n   x = &num;\n     ^\n",
    "stdOut":""
  },
  "typechecker/declarators/PASS_valid_typedef_ident.c":{
    "inclusions":[],
    "valid":true,
    "stdErr":"",
    "stdOut":""
  },
  "transformation/declaringlists/no_init.c":{
    "inclusions":[],
    "valid":true,
    "stdErr":"",
    "stdOut":""
  },
  "typechecker/struct/nested.c":{
    "inclusions":[],
    "valid":false,
    "stdErr":"typechecker/struct/nested.c: In function \u2018main\u2019:\ntypechecker/struct/nested.c:11:13: error: incompatible types when assigning to type \u2018struct contents\u2019 from type \u2018int\u2019\n   head.data = 1;\n             ^\ntypechecker/struct/nested.c:13:13: error: incompatible types when assigning to type \u2018struct contents\u2019 from type \u2018int\u2019\n   tail.data = 2;\n             ^\ntypechecker/struct/nested.c:18:5: warning: implicit declaration of function \u2018printf\u2019 [-Wimplicit-function-declaration]\n     printf(\"data: %d\\n\", current->data);\n     ^~~~~~\ntypechecker/struct/nested.c:18:5: warning: incompatible implicit declaration of built-in function \u2018printf\u2019\ntypechecker/struct/nested.c:18:5: note: include \u2018<stdio.h>\u2019 or provide a declaration of \u2018printf\u2019\ntypechecker/struct/nested.c:18:20: warning: format \u2018%d\u2019 expects argument of type \u2018int\u2019, but argument 2 has type \u2018struct contents\u2019 [-Wformat=]\n     printf(\"data: %d\\n\", current->data);\n                   ~^     ~~~~~~~~~~~~~\n",
    "stdOut":""
  },
  "transformation/declaringlists/error_conditional.c":{
    "inclusions":[],
    "valid":"unrun configurations",
    "stdErr":"transformation/declaringlists/error_conditional.c: In function \u2018main\u2019:\ntransformation/declaringlists/error_conditional.c:5:8: error: two or more data types in declaration specifiers\n   char char x;\n        ^~~~\n",
    "stdOut":""
  },
  "typechecker/compound/struct_function2.c":{
    "inclusions":[],
    "valid":true,
    "stdErr":"",
    "stdOut":""
  },
  "typechecker/configurable/PASS_basic_pointer_array.c":{
    "inclusions":[],
    "valid":true,
    "stdErr":"",
    "stdOut":""
  },
  "typechecker/examples/scope_partial_declaration2.c":{
    "inclusions":[],
    "valid":true,
    "stdErr":"",
    "stdOut":""
  },
  "transformation/constructs/local_var_multiply-defined_primitive.autodesugar.c":{
    "inclusions":[
      "stdbool.h"
    ],
    "valid":false,
    "stdErr":"transformation/constructs/local_var_multiply-defined_primitive.autodesugar.c:2:10: fatal error: desugared_macros.h: No such file or directory\n #include \"desugared_macros.h\" // configuration macros converted to C variables\n          ^~~~~~~~~~~~~~~~~~~~\ncompilation terminated.\n",
    "stdOut":""
  },
  "unit/begin_decls.c":{
    "inclusions":[
      "sys/cdefs.h"
    ],
    "valid":true,
    "stdErr":"",
    "stdOut":""
  },
  "typechecker/compound/primitive_struct2.c":{
    "inclusions":[],
    "valid":true,
    "stdErr":"",
    "stdOut":""
  },
  "transformation/declaringlists/variable_expr.c":{
    "inclusions":[],
    "valid":true,
    "stdErr":"",
    "stdOut":""
  },
  "unit/struct_crossref_global.c":{
    "inclusions":[],
    "valid":false,
    "stdErr":"unit/struct_crossref_global.c:3:13: error: field \u2018next\u2019 has incomplete type\n   struct s2 next;\n             ^~~~\n",
    "stdOut":""
  },
  "linking/same_type/global_static_extern.c":{
    "inclusions":[],
    "valid":true,
    "stdErr":"",
    "stdOut":""
  },
  "transformation/constructs/global_function_multiple_prototypes_same_body.c":{
    "inclusions":[],
    "valid":true,
    "stdErr":"",
    "stdOut":""
  },
  "unit/struct_crossref_global2.c":{
    "inclusions":[],
    "valid":true,
    "stdErr":"",
    "stdOut":""
  },
  "transformation/constructs/extern_function_multiply-defined.autodesugar.c":{
    "inclusions":[
      "stdbool.h"
    ],
    "valid":false,
    "stdErr":"transformation/constructs/extern_function_multiply-defined.autodesugar.c:2:10: fatal error: desugared_macros.h: No such file or directory\n #include \"desugared_macros.h\" // configuration macros converted to C variables\n          ^~~~~~~~~~~~~~~~~~~~\ncompilation terminated.\n",
    "stdOut":""
  },
  "typechecker/examples/typedef.c":{
    "inclusions":[],
    "valid":true,
    "stdErr":"",
    "stdOut":""
  },
  "transformation/icse19nier/icsenier3.c":{
    "inclusions":[],
    "valid":true,
    "stdErr":"",
    "stdOut":""
  },
  "unit/function_pointer.c":{
    "inclusions":[],
    "valid":true,
    "stdErr":"",
    "stdOut":""
  },
  "unit/struct_global_forward_reference_illegal.c":{
    "inclusions":[],
    "valid":false,
    "stdErr":"unit/struct_global_forward_reference_illegal.c:3:12: error: field \u2018y\u2019 has incomplete type\n   struct t y;\n            ^\n",
    "stdOut":""
  },
  "linking/same_type/static_only.c":{
    "inclusions":[],
    "valid":true,
    "stdErr":"",
    "stdOut":""
  },
  "typechecker/compound/pointer_pointer1.c":{
    "inclusions":[],
    "valid":true,
    "stdErr":"",
    "stdOut":""
  },
  "transformation/expressions/array_decl.c":{
    "inclusions":[],
    "valid":true,
    "stdErr":"",
    "stdOut":""
  },
  "transformation/expressions/config_prefix.c":{
    "inclusions":[],
    "valid":true,
    "stdErr":"",
    "stdOut":""
  },
  "transformation/functions/function_call_non_void.c":{
    "inclusions":[],
    "valid":true,
    "stdErr":"",
    "stdOut":""
  },
  "linking/same_type/global_static.c":{
    "inclusions":[],
    "valid":true,
    "stdErr":"",
    "stdOut":""
  },
  "typechecker/examples/undeclared_identifer.c":{
    "inclusions":[],
    "valid":false,
    "stdErr":"typechecker/examples/undeclared_identifer.c: In function \u2018main\u2019:\ntypechecker/examples/undeclared_identifer.c:2:3: error: unknown type name \u2018a\u2019\n   a x;\n   ^\n",
    "stdOut":""
  },
  "transformation/declaringlists/all_init.c":{
    "inclusions":[],
    "valid":true,
    "stdErr":"",
    "stdOut":""
  },
  "unit/designated_initializer.c":{
    "inclusions":[],
    "valid":true,
    "stdErr":"",
    "stdOut":""
  },
  "transformation/expressions/config_short_variable_arithmetic_ops.c":{
    "inclusions":[],
    "valid":true,
    "stdErr":"",
    "stdOut":""
  },
  "unit/function_parameters_empty_configurable.c":{
    "inclusions":[],
    "valid":true,
    "stdErr":"",
    "stdOut":""
  },
  "transformation/icse19nier/icsenier1.c":{
    "inclusions":[],
    "valid":true,
    "stdErr":"",
    "stdOut":""
  },
  "transformation/misc/twovariables.autodesugar.c":{
    "inclusions":[],
    "valid":false,
    "stdErr":"transformation/misc/twovariables.autodesugar.c: In function \u2018main\u2019:\ntransformation/misc/twovariables.autodesugar.c:3:6: error: \u2018defined\u2019 undeclared (first use in this function)\n if ((defined CONFIG_B)) { /* from static conditional around function definition */\n      ^~~~~~~\ntransformation/misc/twovariables.autodesugar.c:3:6: note: each undeclared identifier is reported only once for each function it appears in\ntransformation/misc/twovariables.autodesugar.c:3:14: error: expected \u2018)\u2019 before \u2018CONFIG_B\u2019\n if ((defined CONFIG_B)) { /* from static conditional around function definition */\n              ^~~~~~~~\ntransformation/misc/twovariables.autodesugar.c:8:14: error: expected \u2018)\u2019 before \u2018CONFIG_B\u2019\n if ((defined CONFIG_B) && (defined CONFIG_C)) { /* from static conditional around statement */\n              ^~~~~~~~\ntransformation/misc/twovariables.autodesugar.c:8:36: error: expected \u2018)\u2019 before \u2018CONFIG_C\u2019\n if ((defined CONFIG_B) && (defined CONFIG_C)) { /* from static conditional around statement */\n                                    ^~~~~~~~\ntransformation/misc/twovariables.autodesugar.c:11:14: error: expected \u2018)\u2019 before \u2018CONFIG_B\u2019\n if ((defined CONFIG_B) && (defined CONFIG_A) && (defined CONFIG_C)) { /* from static conditional around statement */\n              ^~~~~~~~\ntransformation/misc/twovariables.autodesugar.c:11:36: error: expected \u2018)\u2019 before \u2018CONFIG_A\u2019\n if ((defined CONFIG_B) && (defined CONFIG_A) && (defined CONFIG_C)) { /* from static conditional around statement */\n                                    ^~~~~~~~\ntransformation/misc/twovariables.autodesugar.c:11:58: error: expected \u2018)\u2019 before \u2018CONFIG_C\u2019\n if ((defined CONFIG_B) && (defined CONFIG_A) && (defined CONFIG_C)) { /* from static conditional around statement */\n                                                          ^~~~~~~~\ntransformation/misc/twovariables.autodesugar.c:14:14: error: expected \u2018)\u2019 before \u2018CONFIG_B\u2019\n if ((defined CONFIG_B) && (defined CONFIG_A)) { /* from static conditional around statement */\n              ^~~~~~~~\ntransformation/misc/twovariables.autodesugar.c:14:36: error: expected \u2018)\u2019 before \u2018CONFIG_A\u2019\n if ((defined CONFIG_B) && (defined CONFIG_A)) { /* from static conditional around statement */\n                                    ^~~~~~~~\ntransformation/misc/twovariables.autodesugar.c:17:14: error: expected \u2018)\u2019 before \u2018CONFIG_B\u2019\n if ((defined CONFIG_B) && (defined CONFIG_A)) { /* from static conditional around statement */\n              ^~~~~~~~\ntransformation/misc/twovariables.autodesugar.c:17:36: error: expected \u2018)\u2019 before \u2018CONFIG_A\u2019\n if ((defined CONFIG_B) && (defined CONFIG_A)) { /* from static conditional around statement */\n                                    ^~~~~~~~\n",
    "stdOut":""
  },
  "unit/single.c":{
    "inclusions":[],
    "valid":true,
    "stdErr":"",
    "stdOut":""
  },
  "transformation/enum/config_enum.c":{
    "inclusions":[],
    "valid":"unrun configurations",
    "stdErr":"transformation/enum/config_enum.c: In function \u2018main\u2019:\ntransformation/enum/config_enum.c:14:11: error: \u2018a\u2019 undeclared (first use in this function)\n   apple = a;\n           ^\ntransformation/enum/config_enum.c:14:11: note: each undeclared identifier is reported only once for each function it appears in\n",
    "stdOut":""
  },
  "transformation/phasar/linear_constant/basic_02.c":{
    "inclusions":[],
    "valid":true,
    "stdErr":"",
    "stdOut":""
  },
  "transformation/declaringlists/error_global.c":{
    "inclusions":[],
    "valid":"unrun configurations",
    "stdErr":"transformation/declaringlists/error_global.c:1:5: error: two or more data types in declaration specifiers\n int int j;\n     ^~~\n",
    "stdOut":""
  },
  "transformation/typedef_struct/config_field_typedef.c":{
    "inclusions":[],
    "valid":true,
    "stdErr":"",
    "stdOut":""
  },
  "typechecker/declarators/PASS_valid_array_implicit_length.c":{
    "inclusions":[],
    "valid":true,
    "stdErr":"",
    "stdOut":""
  },
  "transformation/expressions/array_variable_decl.c":{
    "inclusions":[],
    "valid":true,
    "stdErr":"",
    "stdOut":""
  },
  "typechecker/examples/typedefname_with_qualifer.c":{
    "inclusions":[],
    "valid":true,
    "stdErr":"",
    "stdOut":""
  },
  "transformation/constructs/types_primitive_and_compound.autodesugar.c":{
    "inclusions":[
      "stdbool.h"
    ],
    "valid":false,
    "stdErr":"transformation/constructs/types_primitive_and_compound.autodesugar.c:2:10: fatal error: desugared_macros.h: No such file or directory\n #include \"desugared_macros.h\" // configuration macros converted to C variables\n          ^~~~~~~~~~~~~~~~~~~~\ncompilation terminated.\n",
    "stdOut":""
  },
  "transformation/functions/config_parameters.c":{
    "inclusions":[],
    "valid":true,
    "stdErr":"",
    "stdOut":""
  },
  "transformation/union/union.c":{
    "inclusions":[],
    "valid":true,
    "stdErr":"",
    "stdOut":""
  },
  "transformation/union/config_partially_defined_union.c":{
    "inclusions":[],
    "valid":"unrun configurations",
    "stdErr":"transformation/union/config_partially_defined_union.c: In function \u2018main\u2019:\ntransformation/union/config_partially_defined_union.c:10:22: error: storage size of \u2018usedUnion\u2019 isn\u2019t known\n   union intCharFloat usedUnion;\n                      ^~~~~~~~~\n",
    "stdOut":""
  },
  "unit/enum_error.c":{
    "inclusions":[],
    "valid":true,
    "stdErr":"",
    "stdOut":""
  },
  "unit/enum_constant_expression1.c":{
    "inclusions":[],
    "valid":false,
    "stdErr":"unit/enum_constant_expression1.c:8:12: error: enumerator value for \u2018A\u2019 is not an integer constant\n enum bob { A = y };\n            ^\nunit/enum_constant_expression1.c:5:10: error: storage size of \u2018x\u2019 isn\u2019t known\n enum bob x;\n          ^\n",
    "stdOut":""
  },
  "transformation/phasar/secure_memory/memory1_2.c":{
    "inclusions":[
      "stdio.h",
      "stdlib.h",
      "openssl/crypto.h"
    ],
    "valid":true,
    "stdErr":"",
    "stdOut":""
  },
  "transformation/constructs/extern_var_multiply-defined_primitive.c":{
    "inclusions":[],
    "valid":true,
    "stdErr":"",
    "stdOut":""
  },
  "unit/struct_forward_scope.c":{
    "inclusions":[],
    "valid":true,
    "stdErr":"",
    "stdOut":""
  },
  "unit/initializers.c":{
    "inclusions":[],
    "valid":false,
    "stdErr":"unit/initializers.c:2:11: warning: initialization makes pointer from integer without a cast [-Wint-conversion]\n int *x2 = 1;\n           ^\nunit/initializers.c:3:14: warning: initialization makes pointer from integer without a cast [-Wint-conversion]\n int *(x2b) = 1;\n              ^\nunit/initializers.c:4:12: warning: initialization makes pointer from integer without a cast [-Wint-conversion]\n int **x3 = 1;\n            ^\nunit/initializers.c:5:19: warning: initialization makes pointer from integer without a cast [-Wint-conversion]\n int (*(*(x3b))) = 1;\n                   ^\nunit/initializers.c:6:13: error: invalid initializer\n int x4a[] = 1;\n             ^\nunit/initializers.c:7:14: error: invalid initializer\n int x4b[2] = 1;\n              ^\nunit/initializers.c:8:16: error: invalid initializer\n int x5[3][3] = 1;\n                ^\nunit/initializers.c:9:14: error: invalid initializer\n int *x6[4] = 1;\n              ^\nunit/initializers.c:10:15: error: invalid initializer\n int **x7[6] = 1;\n               ^\nunit/initializers.c:11:16: warning: initialization makes pointer from integer without a cast [-Wint-conversion]\n int (*x8)[7] = 1;\n                ^\nunit/initializers.c:16:5: warning: built-in function \u2018y1\u2019 declared as non-function\n int y1, *y2, *(y2b), **y3, (*(*(y3b))), y4a[], y4b[2], y5[3][3], *y6[4], **y7[6], (*y8)[7];\n     ^~\nunit/initializers.c:16:41: warning: array \u2018y4a\u2019 assumed to have one element\n int y1, *y2, *(y2b), **y3, (*(*(y3b))), y4a[], y4b[2], y5[3][3], *y6[4], **y7[6], (*y8)[7];\n                                         ^~~\n",
    "stdOut":""
  },
  "typechecker/compound/pointer_array1.c":{
    "inclusions":[],
    "valid":false,
    "stdErr":"typechecker/compound/pointer_array1.c: In function \u2018main\u2019:\ntypechecker/compound/pointer_array1.c:10:5: error: assignment to expression with array type\n   x = &num;\n     ^\n",
    "stdOut":""
  },
  "transformation/constructs/global_var_static.c":{
    "inclusions":[],
    "valid":true,
    "stdErr":"",
    "stdOut":""
  },
  "transformation/phasar/secure_memory/memory1_2_resugared.c":{
    "inclusions":[
      "stdio.h",
      "stdlib.h",
      "openssl/crypto.h"
    ],
    "valid":false,
    "stdErr":"In file included from transformation/phasar/secure_memory/memory1_2_resugared.c:4:0:\ntransformation/phasar/secure_memory/memory1_2_resugared.c: In function \u2018main\u2019:\ntransformation/phasar/secure_memory/memory1_2_resugared.c:22:16: error: \u2018buffer\u2019 undeclared (first use in this function); did you mean \u2018setbuffer\u2019?\n   OPENSSL_free(buffer);\n                ^\ntransformation/phasar/secure_memory/memory1_2_resugared.c:22:16: note: each undeclared identifier is reported only once for each function it appears in\n",
    "stdOut":""
  },
  "typechecker/functions/function_pointer.c":{
    "inclusions":[],
    "valid":true,
    "stdErr":"",
    "stdOut":""
  },
  "unit/if_statement_configurable2.c":{
    "inclusions":[],
    "valid":true,
    "stdErr":"",
    "stdOut":""
  },
  "transformation/phasar/linear_constant/recursion_01_resugared.c":{
    "inclusions":[],
    "valid":true,
    "stdErr":"",
    "stdOut":""
  },
  "transformation/typedef_struct/config_partially_defined_struct.c":{
    "inclusions":[],
    "valid":true,
    "stdErr":"",
    "stdOut":""
  },
  "typechecker/configurable/PASS_impossibleTypedef.c":{
    "inclusions":[],
    "valid":"unrun configurations",
    "stdErr":"typechecker/configurable/PASS_impossibleTypedef.c: In function \u2018main\u2019:\ntypechecker/configurable/PASS_impossibleTypedef.c:7:3: error: unknown type name \u2018a\u2019\n   a x;\n   ^\n",
    "stdOut":""
  },
  "typechecker/compound/pointer_function2.c":{
    "inclusions":[],
    "valid":true,
    "stdErr":"",
    "stdOut":""
  },
  "v2Func/nestedFunction.c":{
    "inclusions":[],
    "valid":true,
    "stdErr":"",
    "stdOut":""
  },
  "unit/function_parameters_configurable.c":{
    "inclusions":[],
    "valid":false,
    "stdErr":"unit/function_parameters_configurable.c: In function \u2018f\u2019:\nunit/function_parameters_configurable.c:11:3: error: \u2018y\u2019 undeclared (first use in this function)\n   y = x + y;\n   ^\nunit/function_parameters_configurable.c:11:3: note: each undeclared identifier is reported only once for each function it appears in\n",
    "stdOut":""
  },
  "typechecker/functions/PASS_void_abstract_functions.c":{
    "inclusions":[],
    "valid":false,
    "stdErr":"typechecker/functions/PASS_void_abstract_functions.c:2:1: error: \u2018void\u2019 must be the only parameter\n void *fwo(void, void);\n ^~~~\n",
    "stdOut":""
  },
  "transformation/constructs/global_function_multiply-defined.c":{
    "inclusions":[],
    "valid":true,
    "stdErr":"",
    "stdOut":""
  },
  "typechecker/struct/struct_init.c":{
    "inclusions":[],
    "valid":true,
    "stdErr":"",
    "stdOut":""
  },
  "transformation/phasar/linear_constant/basic_04.c":{
    "inclusions":[],
    "valid":true,
    "stdErr":"",
    "stdOut":""
  },
  "transformation/phasar/linear_constant/recursion_01.c":{
    "inclusions":[],
    "valid":true,
    "stdErr":"",
    "stdOut":""
  },
  "transformation/constructs/global_var_static2.c":{
    "inclusions":[],
    "valid":true,
    "stdErr":"transformation/constructs/global_var_static2.c: In function \u2018main\u2019:\ntransformation/constructs/global_var_static2.c:12:3: warning: implicit declaration of function \u2018printf\u2019 [-Wimplicit-function-declaration]\n   printf(\"%x\\n\", y);\n   ^~~~~~\ntransformation/constructs/global_var_static2.c:12:3: warning: incompatible implicit declaration of built-in function \u2018printf\u2019\ntransformation/constructs/global_var_static2.c:12:3: note: include \u2018<stdio.h>\u2019 or provide a declaration of \u2018printf\u2019\n",
    "stdOut":""
  },
  "typechecker/functions/PASS_abstractParam.c":{
    "inclusions":[],
    "valid":true,
    "stdErr":"",
    "stdOut":""
  },
  "unit/declarators.c":{
    "inclusions":[],
    "valid":true,
    "stdErr":"unit/declarators.c:6:5: warning: array \u2018x4a\u2019 assumed to have one element\n int x4a[];\n     ^~~\n",
    "stdOut":""
  },
  "typechecker/compound/array_struct1.c":{
    "inclusions":[],
    "valid":false,
    "stdErr":"typechecker/compound/array_struct1.c: In function \u2018main\u2019:\ntypechecker/compound/array_struct1.c:8:4: error: subscripted value is neither array nor pointer nor vector\n   x[2];\n    ^\n",
    "stdOut":""
  },
  "typechecker/compound/primitive_function2.c":{
    "inclusions":[],
    "valid":true,
    "stdErr":"",
    "stdOut":""
  },
  "transformation/expressions/icr_decr.c":{
    "inclusions":[],
    "valid":true,
    "stdErr":"",
    "stdOut":""
  },
  "typechecker/examples/PASS_valid_complex.c":{
    "inclusions":[],
    "valid":true,
    "stdErr":"",
    "stdOut":""
  },
  "transformation/expressions/config_long_variable_arithmetic_ops.c":{
    "inclusions":[],
    "valid":true,
    "stdErr":"",
    "stdOut":""
  },
  "typechecker/compound/primitive_pointer1.c":{
    "inclusions":[],
    "valid":true,
    "stdErr":"typechecker/compound/primitive_pointer1.c: In function \u2018main\u2019:\ntypechecker/compound/primitive_pointer1.c:8:5: warning: assignment makes pointer from integer without a cast [-Wint-conversion]\n   x = 1;\n     ^\n",
    "stdOut":""
  },
  "unit/redeclare_structs.c":{
    "inclusions":[],
    "valid":false,
    "stdErr":"unit/redeclare_structs.c:7:8: error: redefinition of \u2018struct x\u2019\n struct x {\n        ^\nunit/redeclare_structs.c:1:8: note: originally defined here\n struct x {\n        ^\n",
    "stdOut":""
  },
  "transformation/typedef_struct/config_typedef_field.c":{
    "inclusions":[],
    "valid":true,
    "stdErr":"",
    "stdOut":""
  },
  "unit/enum_forward_ref.c":{
    "inclusions":[],
    "valid":false,
    "stdErr":"unit/enum_forward_ref.c:3:10: error: storage size of \u2018x\u2019 isn\u2019t known\n enum bob x;\n          ^\n",
    "stdOut":""
  },
  "v2Func/errorExpand.c":{
    "inclusions":[],
    "valid":"unrun configurations",
    "stdErr":"v2Func/errorExpand.c:4:5: error: two or more data types in declaration specifiers\n int int x x;\n     ^~~\nv2Func/errorExpand.c:4:11: error: expected \u2018=\u2019, \u2018,\u2019, \u2018;\u2019, \u2018asm\u2019 or \u2018__attribute__\u2019 before \u2018x\u2019\n int int x x;\n           ^\n",
    "stdOut":""
  },
  "unit/sizeof.c":{
    "inclusions":[
      "stddef.h"
    ],
    "valid":true,
    "stdErr":"",
    "stdOut":""
  },
  "unit/conditionalexpression.c":{
    "inclusions":[],
    "valid":true,
    "stdErr":"",
    "stdOut":""
  },
  "transformation/constructs/types_global_function_multiply-defined_pointer.c":{
    "inclusions":[],
    "valid":true,
    "stdErr":"",
    "stdOut":""
  },
  "transformation/expressions/config_constant_arithmetic_assignment.c":{
    "inclusions":[],
    "valid":true,
    "stdErr":"",
    "stdOut":""
  },
  "unit/counter_variable.c":{
    "inclusions":[],
    "valid":true,
    "stdErr":"",
    "stdOut":""
  },
  "transformation/declaringlists/one_init.c":{
    "inclusions":[],
    "valid":true,
    "stdErr":"",
    "stdOut":""
  },
  "transformation/union/config_union_decl.c":{
    "inclusions":[],
    "valid":true,
    "stdErr":"",
    "stdOut":""
  },
  "transformation/misc/type.c":{
    "inclusions":[],
    "valid":true,
    "stdErr":"",
    "stdOut":""
  },
  "unit/function_parameters_empty.c":{
    "inclusions":[],
    "valid":true,
    "stdErr":"",
    "stdOut":""
  },
  "typechecker/examples/PASS_valid_signed_unsigned.c":{
    "inclusions":[],
    "valid":true,
    "stdErr":"",
    "stdOut":""
  },
  "transformation/expressions/long_variable_arithmetic_ops.c":{
    "inclusions":[],
    "valid":true,
    "stdErr":"",
    "stdOut":""
  },
  "linking/same_type/extern_only.c":{
    "inclusions":[],
    "valid":true,
    "stdErr":"",
    "stdOut":""
  },
  "typechecker/examples/PASS_invalid_long.c":{
    "inclusions":[],
    "valid":false,
    "stdErr":"typechecker/examples/PASS_invalid_long.c: In function \u2018main\u2019:\ntypechecker/examples/PASS_invalid_long.c:2:12: error: both \u2018long long\u2019 and \u2018double\u2019 in declaration specifiers\n  long long double a;\n            ^~~~~~\ntypechecker/examples/PASS_invalid_long.c:3:7: error: both \u2018long\u2019 and \u2018float\u2019 in declaration specifiers\n  long float b;\n       ^~~~~\ntypechecker/examples/PASS_invalid_long.c:4:12: error: \u2018long long long\u2019 is too long for GCC\n  long long long c;\n            ^~~~\n",
    "stdOut":""
  },
  "unit/struct_nonpointer.c":{
    "inclusions":[],
    "valid":true,
    "stdErr":"",
    "stdOut":""
  },
  "transformation/constructs/types_multiple_scopes.autodesugar.c":{
    "inclusions":[
      "stdbool.h"
    ],
    "valid":false,
    "stdErr":"transformation/constructs/types_multiple_scopes.autodesugar.c:2:10: fatal error: desugared_macros.h: No such file or directory\n #include \"desugared_macros.h\" // configuration macros converted to C variables\n          ^~~~~~~~~~~~~~~~~~~~\ncompilation terminated.\n",
    "stdOut":""
  },
  "transformation/misc/main.c":{
    "inclusions":[],
    "valid":true,
    "stdErr":"",
    "stdOut":""
  },
  "typechecker/examples/PASS_staticint.c":{
    "inclusions":[],
    "valid":true,
    "stdErr":"",
    "stdOut":""
  },
  "transformation/ifelsewhile/explicit_config_if.c":{
    "inclusions":[],
    "valid":true,
    "stdErr":"",
    "stdOut":""
  },
  "typechecker/struct/selfref.c":{
    "inclusions":[],
    "valid":true,
    "stdErr":"",
    "stdOut":""
  },
  "transformation/functions/void_main.c":{
    "inclusions":[],
    "valid":true,
    "stdErr":"",
    "stdOut":""
  },
  "transformation/phasar/linear_constant/call_01.c":{
    "inclusions":[],
    "valid":true,
    "stdErr":"",
    "stdOut":""
  },
  "transformation/constructs/types_extern_function_multiply-defined.autodesugar.c":{
    "inclusions":[
      "stdbool.h"
    ],
    "valid":false,
    "stdErr":"transformation/constructs/types_extern_function_multiply-defined.autodesugar.c:2:10: fatal error: desugared_macros.h: No such file or directory\n #include \"desugared_macros.h\" // configuration macros converted to C variables\n          ^~~~~~~~~~~~~~~~~~~~\ncompilation terminated.\n",
    "stdOut":""
  },
  "unit/forloop.c":{
    "inclusions":[],
    "valid":true,
    "stdErr":"",
    "stdOut":""
  },
  "unit/function_configurably_defined.c":{
    "inclusions":[],
    "valid":true,
    "stdErr":"",
    "stdOut":""
  },
  "typechecker/struct/nested_anonymous.c":{
    "inclusions":[],
    "valid":true,
    "stdErr":"",
    "stdOut":""
  },
  "unit/struct_global_forward_reference.c":{
    "inclusions":[],
    "valid":true,
    "stdErr":"",
    "stdOut":""
  },
  "transformation/union/config_union_expressions.c":{
    "inclusions":[],
    "valid":"unrun configurations",
    "stdErr":"transformation/union/config_union_expressions.c: In function \u2018main\u2019:\ntransformation/union/config_union_expressions.c:17:12: error: \u2018union intCharFloat\u2019 has no member named \u2018character\u2019\n   usedUnion.character = 'h';\n            ^\ntransformation/union/config_union_expressions.c:23:36: error: \u2018union intCharFloat\u2019 has no member named \u2018character\u2019\n   y = usedUnion.integer + usedUnion.character;\n                                    ^\ntransformation/union/config_union_expressions.c:32:22: error: \u2018union intCharFloat\u2019 has no member named \u2018character\u2019\n   char ch = usedUnion.character;\n                      ^\n",
    "stdOut":""
  },
  "transformation/ifelsewhile/while_with_braces.c":{
    "inclusions":[],
    "valid":true,
    "stdErr":"",
    "stdOut":""
  },
  "transformation/icse19nier/icsenier2.desugared2.c":{
    "inclusions":[],
    "valid":false,
    "stdErr":"transformation/icse19nier/icsenier2.desugared2.c:1:1: error: unknown type name \u2018bool\u2019; did you mean \u2018_Bool\u2019?\n bool CONFIG_QUOTA; /* originally a macro */\n ^~~~\n _Bool\n",
    "stdOut":""
  },
  "linking/same_type/global_extern.c":{
    "inclusions":[],
    "valid":true,
    "stdErr":"",
    "stdOut":""
  },
  "unit/statement_configurable.c":{
    "inclusions":[],
    "valid":true,
    "stdErr":"",
    "stdOut":""
  },
  "unit/size_t.c":{
    "inclusions":[
      "stddef.h"
    ],
    "valid":true,
    "stdErr":"",
    "stdOut":""
  },
  "unit/jump_statement.c":{
    "inclusions":[],
    "valid":false,
    "stdErr":"unit/jump_statement.c: In function \u2018main\u2019:\nunit/jump_statement.c:3:3: error: continue statement not within a loop\n   continue;\n   ^~~~~~~~\nunit/jump_statement.c:4:3: error: break statement not within loop or switch\n   break;\n   ^~~~~\nunit/jump_statement.c:2:3: error: label \u2018label\u2019 used but not defined\n   goto label;\n   ^~~~\n",
    "stdOut":""
  },
  "transformation/declaringlists/some_init.c":{
    "inclusions":[],
    "valid":true,
    "stdErr":"",
    "stdOut":""
  },
  "unit/if_statement.c":{
    "inclusions":[],
    "valid":true,
    "stdErr":"",
    "stdOut":""
  },
  "transformation/functions/function_declaration.c":{
    "inclusions":[],
    "valid":true,
    "stdErr":"",
    "stdOut":""
  },
  "typechecker/declarators/PASS_valid_array_with_init.c":{
    "inclusions":[],
    "valid":true,
    "stdErr":"",
    "stdOut":""
  },
  "transformation/ifelsewhile/implicit_config_if.c":{
    "inclusions":[],
    "valid":true,
    "stdErr":"",
    "stdOut":""
  },
  "transformation/expressions/minimal_global_car_decl.c":{
    "inclusions":[],
    "valid":true,
    "stdErr":"",
    "stdOut":""
  },
  "unit/global_redeclarations.c":{
    "inclusions":[],
    "valid":false,
    "stdErr":"unit/global_redeclarations.c:5:6: error: conflicting types for \u2018x\u2019\n char x;\n      ^\nunit/global_redeclarations.c:3:5: note: previous declaration of \u2018x\u2019 was here\n int x;\n     ^\n",
    "stdOut":""
  },
  "unit/struct_selfref_local.c":{
    "inclusions":[],
    "valid":true,
    "stdErr":"",
    "stdOut":""
  },
  "transformation/constructs/global_function_static.autodesugar.c":{
    "inclusions":[
      "stdbool.h"
    ],
    "valid":false,
    "stdErr":"transformation/constructs/global_function_static.autodesugar.c:2:10: fatal error: desugared_macros.h: No such file or directory\n #include \"desugared_macros.h\" // configuration macros converted to C variables\n          ^~~~~~~~~~~~~~~~~~~~\ncompilation terminated.\n",
    "stdOut":""
  },
  "transformation/misc/inside.c":{
    "inclusions":[],
    "valid":true,
    "stdErr":"",
    "stdOut":""
  },
  "typechecker/examples/test_struct_prohibit_initializer.c":{
    "inclusions":[],
    "valid":false,
    "stdErr":"typechecker/examples/test_struct_prohibit_initializer.c:2:9: error: expected \u2018:\u2019, \u2018,\u2019, \u2018;\u2019, \u2018}\u2019 or \u2018__attribute__\u2019 before \u2018=\u2019 token\n   int x = 1;\n         ^\n",
    "stdOut":""
  },
  "unit/struct_simple.c":{
    "inclusions":[],
    "valid":true,
    "stdErr":"unit/struct_simple.c:4:1: warning: unnamed struct/union that defines no instances\n };\n ^\n",
    "stdOut":""
  },
  "typechecker/compound/primitive_struct1.c":{
    "inclusions":[],
    "valid":false,
    "stdErr":"typechecker/compound/primitive_struct1.c: In function \u2018main\u2019:\ntypechecker/compound/primitive_struct1.c:8:5: error: incompatible types when assigning to type \u2018struct <anonymous>\u2019 from type \u2018int\u2019\n   x = 1;\n     ^\ntypechecker/compound/primitive_struct1.c:9:4: error: wrong type argument to increment\n   x++;\n    ^~\n",
    "stdOut":""
  },
  "typechecker/compound/primitive_pointer2.c":{
    "inclusions":[],
    "valid":true,
    "stdErr":"",
    "stdOut":""
  },
  "typechecker/declarators/PASS_paren.c":{
    "inclusions":[],
    "valid":true,
    "stdErr":"",
    "stdOut":""
  },
  "unit/struct_multiply_defined_ifdeftoif.c":{
    "inclusions":[],
    "valid":false,
    "stdErr":"unit/struct_multiply_defined_ifdeftoif.c:1:10: fatal error: /home/paul/src/typechef/ifdeftoif/id2i_optionstruct.h: No such file or directory\n #include \"/home/paul/src/typechef/ifdeftoif/id2i_optionstruct.h\"\n          ^~~~~~~~~~~~~~~~~~~~~~~~~~~~~~~~~~~~~~~~~~~~~~~~~~~~~~~\ncompilation terminated.\n",
    "stdOut":""
  },
  "typechecker/compound/pointer_struct2.c":{
    "inclusions":[],
    "valid":true,
    "stdErr":"",
    "stdOut":""
  },
  "unit/struct_multiply_defined.c":{
    "inclusions":[],
    "valid":true,
    "stdErr":"unit/struct_multiply_defined.c:11:1: warning: unnamed struct/union that defines no instances\n };\n ^\n",
    "stdOut":""
  },
  "typechecker/examples/PASS_seentypes.c":{
    "inclusions":[],
    "valid":false,
    "stdErr":"typechecker/examples/PASS_seentypes.c: In function \u2018main\u2019:\ntypechecker/examples/PASS_seentypes.c:10:9: error: both \u2018short\u2019 and \u2018float\u2019 in declaration specifiers\n   float short q;\n         ^~~~~\ntypechecker/examples/PASS_seentypes.c:17:7: error: two or more data types in declaration specifiers\n   int float x;\n       ^~~~~\n",
    "stdOut":""
  },
  "transformation/expressions/long_constant_arithmetic_ops.c":{
    "inclusions":[],
    "valid":true,
    "stdErr":"",
    "stdOut":""
  },
  "transformation/phasar/secure_memory/memory1_2_resugared_decls_added.c":{
    "inclusions":[],
    "valid":false,
    "stdErr":"transformation/phasar/secure_memory/memory1_2_resugared_decls_added.c: In function \u2018main\u2019:\ntransformation/phasar/secure_memory/memory1_2_resugared_decls_added.c:33:17: error: \u2018buffer\u2019 undeclared (first use in this function)\n    OPENSSL_free(buffer);\n                 ^\ntransformation/phasar/secure_memory/memory1_2_resugared_decls_added.c:10:21: note: in definition of macro \u2018OPENSSL_free\u2019\n         CRYPTO_free(buffer, OPENSSL_FILE, OPENSSL_LINE)\n                     ^~~~~~\ntransformation/phasar/secure_memory/memory1_2_resugared_decls_added.c:33:17: note: each undeclared identifier is reported only once for each function it appears in\n    OPENSSL_free(buffer);\n                 ^\ntransformation/phasar/secure_memory/memory1_2_resugared_decls_added.c:10:21: note: in definition of macro \u2018OPENSSL_free\u2019\n         CRYPTO_free(buffer, OPENSSL_FILE, OPENSSL_LINE)\n                     ^~~~~~\n",
    "stdOut":""
  },
  "transformation/phasar/linear_constant/loop_01.c":{
    "inclusions":[],
    "valid":true,
    "stdErr":"",
    "stdOut":""
  },
  "transformation/expressions/constant_arithmetic_assignment.c":{
    "inclusions":[],
    "valid":true,
    "stdErr":"",
    "stdOut":""
  },
  "unit/struct_selfref.c":{
    "inclusions":[],
    "valid":true,
    "stdErr":"",
    "stdOut":""
  },
  "unit/enum_repeated_enumerators.c":{
    "inclusions":[],
    "valid":false,
    "stdErr":"unit/enum_repeated_enumerators.c:2:15: error: redeclaration of enumerator \u2018A\u2019\n         A, B, A,\n               ^\nunit/enum_repeated_enumerators.c:2:9: note: previous definition of \u2018A\u2019 was here\n         A, B, A,\n         ^\n",
    "stdOut":""
  },
  "typechecker/configurable/PASS_impossibleTypedef2.c":{
    "inclusions":[],
    "valid":"unrun configurations",
    "stdErr":"typechecker/configurable/PASS_impossibleTypedef2.c: In function \u2018main\u2019:\ntypechecker/configurable/PASS_impossibleTypedef2.c:8:3: error: unknown type name \u2018a\u2019\n   a x;\n   ^\n",
    "stdOut":""
  },
  "transformation/expressions/config_arr_assignment.c":{
    "inclusions":[],
    "valid":true,
    "stdErr":"",
    "stdOut":""
  },
  "transformation/typedef_struct/config_struct.c":{
    "inclusions":[],
    "valid":true,
    "stdErr":"",
    "stdOut":""
  }
}